<?xml version="1.0" encoding="UTF-8"?>
<testsuite xmlns:xsi="http://www.w3.org/2001/XMLSchema-instance" xsi:noNamespaceSchemaLocation="https://maven.apache.org/surefire/maven-surefire-plugin/xsd/surefire-test-report-3.0.xsd" version="3.0" name="kz.yandex.practicum.qa.sb.auth.LogoutTest" time="13.694" tests="2" errors="0" skipped="0" failures="0">
  <properties>
[...]
</properties>
  <testcase name="testLogout[0]" classname="kz.yandex.practicum.qa.sb.auth.LogoutTest" time="6.079">
    <system-out><![CDATA[Request method:	POST
Request URI:	https://stellarburgers.nomoreparties.site/api/auth/register
Proxy:			<none>
Request params:	<none>
Query params:	<none>
Form params:	<none>
Path params:	<none>
Headers:		Accept=*/*
				Content-Type=application/json
Cookies:		<none>
Multiparts:		<none>
Body:
{
    "email": "олег.шарова@hotmail.com",
    "password": "7j5tz7tv3",
    "name": "виктория.суворова"
}
HTTP/1.1 200 OK
Server: nginx/1.18.0 (Ubuntu)
Date: Wed, 23 Apr 2025 13:21:36 GMT
Content-Type: application/json; charset=utf-8
Content-Length: 405
Connection: keep-alive
X-Powered-By: Express
Access-Control-Allow-Origin: *
authorization: Bearer eyJhbGciOiJIUzI1NiIsInR5cCI6IkpXVCJ9.eyJpZCI6IjY4MDhlOTYwOWVkMjgwMDAxYjVkMzBjZiIsImlhdCI6MTc0NTQxNDQ5NiwiZXhwIjoxNzQ1NDE1Njk2fQ.Z9TH3I1GrDrq-O10cDl-wRnpo17PWQHOFmm3_tgiLro
ETag: W/"195-/poq/a1gTM8GQd5E3UlEFFh8flM"

{
    "success": true,
    "user": {
        "email": "олег.шарова@hotmail.com",
        "name": "виктория.суворова"
    },
    "accessToken": "Bearer eyJhbGciOiJIUzI1NiIsInR5cCI6IkpXVCJ9.eyJpZCI6IjY4MDhlOTYwOWVkMjgwMDAxYjVkMzBjZiIsImlhdCI6MTc0NTQxNDQ5NiwiZXhwIjoxNzQ1NDE1Njk2fQ.Z9TH3I1GrDrq-O10cDl-wRnpo17PWQHOFmm3_tgiLro",
    "refreshToken": "b00b930f82b7b81cf31bb493969a0b7022f52ae9907d2a13db11c422a0370f02dfa59f59b374a285"
}
]]></system-out>
    <system-err><![CDATA[Starting ChromeDriver 132.0.6834.111 (da730eae256c6ed1cfbd6ba7ceb6c2bf2b181ac7) on port 21584
Only local connections are allowed.
Please see https://chromedriver.chromium.org/security-considerations for suggestions on keeping ChromeDriver safe.
ChromeDriver was started successfully on port 21584.
???. 23, 2025 7:21:37 PM org.openqa.selenium.remote.ProtocolHandshake createSession
INFO: Detected dialect: W3C
]]></system-err>
  </testcase>
  <testcase name="testLogout[1]" classname="kz.yandex.practicum.qa.sb.auth.LogoutTest" time="6.085">
    <system-out><![CDATA[Selenide is configured for Yandex browser
Using default Yandex WebDriver path: D:\IdeaProjects\yandex-practicum\Diplom\Diplom_3\src\test\resources\webDriverBinaries\windows\yandex\25.2.0.2123\yandexdriver.exe
]]></system-out>
    <system-err><![CDATA[Starting ChromeDriver 132.0.6834.111 (da730eae256c6ed1cfbd6ba7ceb6c2bf2b181ac7) on port 7759
Only local connections are allowed.
Please see https://chromedriver.chromium.org/security-considerations for suggestions on keeping ChromeDriver safe.
ChromeDriver was started successfully on port 7759.
???. 23, 2025 7:21:43 PM org.openqa.selenium.remote.ProtocolHandshake createSession
INFO: Detected dialect: W3C
]]></system-err>
  </testcase>
</testsuite>