<?xml version="1.0" encoding="UTF-8"?>
<testsuite xmlns:xsi="http://www.w3.org/2001/XMLSchema-instance" xsi:noNamespaceSchemaLocation="https://maven.apache.org/surefire/maven-surefire-plugin/xsd/surefire-test-report-3.0.xsd" version="3.0" name="kz.yandex.practicum.qa.sb.auth.EntranceTest" time="17.058" tests="4" errors="0" skipped="0" failures="0">
  <properties>
[...]
</properties>
  <testcase name="testEntranceUsingAccountButton" classname="kz.yandex.practicum.qa.sb.auth.EntranceTest" time="5.805">
    <system-out><![CDATA[Request method:	POST
Request URI:	https://stellarburgers.nomoreparties.site/api/auth/register
Proxy:			<none>
Request params:	<none>
Query params:	<none>
Form params:	<none>
Path params:	<none>
Headers:		Accept=*/*
				Content-Type=application/json
Cookies:		<none>
Multiparts:		<none>
Body:
{
    "email": "евгении.панов@gmail.com",
    "password": "zmzugrwt8r",
    "name": "артём.горбачева"
}
HTTP/1.1 200 OK
Server: nginx/1.18.0 (Ubuntu)
Date: Sun, 27 Apr 2025 09:39:23 GMT
Content-Type: application/json; charset=utf-8
Content-Length: 403
Connection: keep-alive
X-Powered-By: Express
Access-Control-Allow-Origin: *
authorization: Bearer eyJhbGciOiJIUzI1NiIsInR5cCI6IkpXVCJ9.eyJpZCI6IjY4MGRmYjRiOWVkMjgwMDAxYjVkNmE1YyIsImlhdCI6MTc0NTc0Njc2MywiZXhwIjoxNzQ1NzQ3OTYzfQ.fHMZ1BRohd4R2A3k4UXVMZycTCuH6ntR-AJO8CpwUEE
ETag: W/"193-ntiWDQVVZy53AO/zdo79Tehaw10"

{
    "success": true,
    "user": {
        "email": "евгении.панов@gmail.com",
        "name": "артём.горбачева"
    },
    "accessToken": "Bearer eyJhbGciOiJIUzI1NiIsInR5cCI6IkpXVCJ9.eyJpZCI6IjY4MGRmYjRiOWVkMjgwMDAxYjVkNmE1YyIsImlhdCI6MTc0NTc0Njc2MywiZXhwIjoxNzQ1NzQ3OTYzfQ.fHMZ1BRohd4R2A3k4UXVMZycTCuH6ntR-AJO8CpwUEE",
    "refreshToken": "929ac4b403f96f26d5e0cdceba6e4186fd317ff13f2a35daa24d1caf858b80226716d1bba5a3a84a"
}
Request method:	DELETE
Request URI:	https://stellarburgers.nomoreparties.site/api/auth/user
Proxy:			<none>
Request params:	<none>
Query params:	<none>
Form params:	<none>
Path params:	<none>
Headers:		Authorization=Bearer eyJhbGciOiJIUzI1NiIsInR5cCI6IkpXVCJ9.eyJpZCI6IjY4MGRmYjRiOWVkMjgwMDAxYjVkNmE1YyIsImlhdCI6MTc0NTc0Njc2MywiZXhwIjoxNzQ1NzQ3OTYzfQ.fHMZ1BRohd4R2A3k4UXVMZycTCuH6ntR-AJO8CpwUEE
				Accept=*/*
				Content-Type=application/json
Cookies:		<none>
Multiparts:		<none>
Body:			<none>
HTTP/1.1 202 Accepted
Server: nginx/1.18.0 (Ubuntu)
Date: Sun, 27 Apr 2025 09:39:28 GMT
Content-Type: application/json; charset=utf-8
Content-Length: 54
Connection: keep-alive
X-Powered-By: Express
Access-Control-Allow-Origin: *
ETag: W/"36-hDmZnQ3Ou/ynnqAeC6TYmyseuzY"

{
    "success": true,
    "message": "User successfully removed"
}
Request method:	GET
Request URI:	https://stellarburgers.nomoreparties.site/api/auth/user
Proxy:			<none>
Request params:	<none>
Query params:	<none>
Form params:	<none>
Path params:	<none>
Headers:		Authorization=Bearer eyJhbGciOiJIUzI1NiIsInR5cCI6IkpXVCJ9.eyJpZCI6IjY4MGRmYjRiOWVkMjgwMDAxYjVkNmE1YyIsImlhdCI6MTc0NTc0Njc2MywiZXhwIjoxNzQ1NzQ3OTYzfQ.fHMZ1BRohd4R2A3k4UXVMZycTCuH6ntR-AJO8CpwUEE
				Accept=*/*
				Content-Type=application/json
Cookies:		<none>
Multiparts:		<none>
Body:			<none>
HTTP/1.1 404 Not Found
Server: nginx/1.18.0 (Ubuntu)
Date: Sun, 27 Apr 2025 09:39:29 GMT
Content-Type: application/json; charset=utf-8
Content-Length: 44
Connection: keep-alive
X-Powered-By: Express
Access-Control-Allow-Origin: *
ETag: W/"2c-EAnCIFy1uGovyo/FU6KYwnjLgrc"

{
    "success": false,
    "message": "User not found"
}
]]></system-out>
    <system-err><![CDATA[Starting ChromeDriver 135.0.7049.114 (63fd8a7d9d09e41ba37b84386c85d5f249f848f7-refs/branch-heads/7049@{#2175}) on port 56256
Only local connections are allowed.
Please see https://chromedriver.chromium.org/security-considerations for suggestions on keeping ChromeDriver safe.
ChromeDriver was started successfully on port 56256.
???. 27, 2025 3:39:23 PM org.openqa.selenium.remote.ProtocolHandshake createSession
INFO: Detected dialect: W3C
]]></system-err>
  </testcase>
  <testcase name="testEntranceFromRegistrationPage" classname="kz.yandex.practicum.qa.sb.auth.EntranceTest" time="3.785">
    <system-out><![CDATA[Request method:	POST
Request URI:	https://stellarburgers.nomoreparties.site/api/auth/register
Proxy:			<none>
Request params:	<none>
Query params:	<none>
Form params:	<none>
Path params:	<none>
Headers:		Accept=*/*
				Content-Type=application/json
Cookies:		<none>
Multiparts:		<none>
Body:
{
    "email": "никита.исакова@mail.ru",
    "password": "ftv09bwtztev8o",
    "name": "максим.афанасьев"
}
HTTP/1.1 200 OK
Server: nginx/1.18.0 (Ubuntu)
Date: Sun, 27 Apr 2025 09:39:29 GMT
Content-Type: application/json; charset=utf-8
Content-Length: 405
Connection: keep-alive
X-Powered-By: Express
Access-Control-Allow-Origin: *
authorization: Bearer eyJhbGciOiJIUzI1NiIsInR5cCI6IkpXVCJ9.eyJpZCI6IjY4MGRmYjUxOWVkMjgwMDAxYjVkNmE1ZiIsImlhdCI6MTc0NTc0Njc2OSwiZXhwIjoxNzQ1NzQ3OTY5fQ.k_2I1dzC9GDU658QudiqHEr6NSYc-uO4OeqbaQ7DYac
ETag: W/"195-pIz1p8vrBWPagEJjNloVaEx2SyU"

{
    "success": true,
    "user": {
        "email": "никита.исакова@mail.ru",
        "name": "максим.афанасьев"
    },
    "accessToken": "Bearer eyJhbGciOiJIUzI1NiIsInR5cCI6IkpXVCJ9.eyJpZCI6IjY4MGRmYjUxOWVkMjgwMDAxYjVkNmE1ZiIsImlhdCI6MTc0NTc0Njc2OSwiZXhwIjoxNzQ1NzQ3OTY5fQ.k_2I1dzC9GDU658QudiqHEr6NSYc-uO4OeqbaQ7DYac",
    "refreshToken": "52ddea68cad8a23983a2a31d63a45f01007fb954dab84674854d67933e6b2f7775511eb2eea94307"
}
Request method:	DELETE
Request URI:	https://stellarburgers.nomoreparties.site/api/auth/user
Proxy:			<none>
Request params:	<none>
Query params:	<none>
Form params:	<none>
Path params:	<none>
Headers:		Authorization=Bearer eyJhbGciOiJIUzI1NiIsInR5cCI6IkpXVCJ9.eyJpZCI6IjY4MGRmYjUxOWVkMjgwMDAxYjVkNmE1ZiIsImlhdCI6MTc0NTc0Njc2OSwiZXhwIjoxNzQ1NzQ3OTY5fQ.k_2I1dzC9GDU658QudiqHEr6NSYc-uO4OeqbaQ7DYac
				Accept=*/*
				Content-Type=application/json
Cookies:		<none>
Multiparts:		<none>
Body:			<none>
HTTP/1.1 202 Accepted
Server: nginx/1.18.0 (Ubuntu)
Date: Sun, 27 Apr 2025 09:39:32 GMT
Content-Type: application/json; charset=utf-8
Content-Length: 54
Connection: keep-alive
X-Powered-By: Express
Access-Control-Allow-Origin: *
ETag: W/"36-hDmZnQ3Ou/ynnqAeC6TYmyseuzY"

{
    "success": true,
    "message": "User successfully removed"
}
Request method:	GET
Request URI:	https://stellarburgers.nomoreparties.site/api/auth/user
Proxy:			<none>
Request params:	<none>
Query params:	<none>
Form params:	<none>
Path params:	<none>
Headers:		Authorization=Bearer eyJhbGciOiJIUzI1NiIsInR5cCI6IkpXVCJ9.eyJpZCI6IjY4MGRmYjUxOWVkMjgwMDAxYjVkNmE1ZiIsImlhdCI6MTc0NTc0Njc2OSwiZXhwIjoxNzQ1NzQ3OTY5fQ.k_2I1dzC9GDU658QudiqHEr6NSYc-uO4OeqbaQ7DYac
				Accept=*/*
				Content-Type=application/json
Cookies:		<none>
Multiparts:		<none>
Body:			<none>
HTTP/1.1 404 Not Found
Server: nginx/1.18.0 (Ubuntu)
Date: Sun, 27 Apr 2025 09:39:32 GMT
Content-Type: application/json; charset=utf-8
Content-Length: 44
Connection: keep-alive
X-Powered-By: Express
Access-Control-Allow-Origin: *
ETag: W/"2c-EAnCIFy1uGovyo/FU6KYwnjLgrc"

{
    "success": false,
    "message": "User not found"
}
]]></system-out>
  </testcase>
  <testcase name="testEntranceFromResetPasswordPage" classname="kz.yandex.practicum.qa.sb.auth.EntranceTest" time="3.534">
    <system-out><![CDATA[Request method:	POST
Request URI:	https://stellarburgers.nomoreparties.site/api/auth/register
Proxy:			<none>
Request params:	<none>
Query params:	<none>
Form params:	<none>
Path params:	<none>
Headers:		Accept=*/*
				Content-Type=application/json
Cookies:		<none>
Multiparts:		<none>
Body:
{
    "email": "степан.дементьева@ya.ru",
    "password": "ua3bucelq",
    "name": "виталий.самсонов"
}
HTTP/1.1 200 OK
Server: nginx/1.18.0 (Ubuntu)
Date: Sun, 27 Apr 2025 09:39:33 GMT
Content-Type: application/json; charset=utf-8
Content-Length: 409
Connection: keep-alive
X-Powered-By: Express
Access-Control-Allow-Origin: *
authorization: Bearer eyJhbGciOiJIUzI1NiIsInR5cCI6IkpXVCJ9.eyJpZCI6IjY4MGRmYjU1OWVkMjgwMDAxYjVkNmE2MiIsImlhdCI6MTc0NTc0Njc3MywiZXhwIjoxNzQ1NzQ3OTczfQ.-3aMWwW5yLwDtMNX1_Kh_gZ6ufAoPa5b-DUt6DrCktI
ETag: W/"199-0lyDb0VCCWqr91ANpp7WlrTRtaA"

{
    "success": true,
    "user": {
        "email": "степан.дементьева@ya.ru",
        "name": "виталий.самсонов"
    },
    "accessToken": "Bearer eyJhbGciOiJIUzI1NiIsInR5cCI6IkpXVCJ9.eyJpZCI6IjY4MGRmYjU1OWVkMjgwMDAxYjVkNmE2MiIsImlhdCI6MTc0NTc0Njc3MywiZXhwIjoxNzQ1NzQ3OTczfQ.-3aMWwW5yLwDtMNX1_Kh_gZ6ufAoPa5b-DUt6DrCktI",
    "refreshToken": "00fc96cff6db3b7d35ce540191cf50507336b752cb92ec304bf43c5859b332b5e9e0ef792d195c1e"
}
Request method:	DELETE
Request URI:	https://stellarburgers.nomoreparties.site/api/auth/user
Proxy:			<none>
Request params:	<none>
Query params:	<none>
Form params:	<none>
Path params:	<none>
Headers:		Authorization=Bearer eyJhbGciOiJIUzI1NiIsInR5cCI6IkpXVCJ9.eyJpZCI6IjY4MGRmYjU1OWVkMjgwMDAxYjVkNmE2MiIsImlhdCI6MTc0NTc0Njc3MywiZXhwIjoxNzQ1NzQ3OTczfQ.-3aMWwW5yLwDtMNX1_Kh_gZ6ufAoPa5b-DUt6DrCktI
				Accept=*/*
				Content-Type=application/json
Cookies:		<none>
Multiparts:		<none>
Body:			<none>
HTTP/1.1 202 Accepted
Server: nginx/1.18.0 (Ubuntu)
Date: Sun, 27 Apr 2025 09:39:36 GMT
Content-Type: application/json; charset=utf-8
Content-Length: 54
Connection: keep-alive
X-Powered-By: Express
Access-Control-Allow-Origin: *
ETag: W/"36-hDmZnQ3Ou/ynnqAeC6TYmyseuzY"

{
    "success": true,
    "message": "User successfully removed"
}
Request method:	GET
Request URI:	https://stellarburgers.nomoreparties.site/api/auth/user
Proxy:			<none>
Request params:	<none>
Query params:	<none>
Form params:	<none>
Path params:	<none>
Headers:		Authorization=Bearer eyJhbGciOiJIUzI1NiIsInR5cCI6IkpXVCJ9.eyJpZCI6IjY4MGRmYjU1OWVkMjgwMDAxYjVkNmE2MiIsImlhdCI6MTc0NTc0Njc3MywiZXhwIjoxNzQ1NzQ3OTczfQ.-3aMWwW5yLwDtMNX1_Kh_gZ6ufAoPa5b-DUt6DrCktI
				Accept=*/*
				Content-Type=application/json
Cookies:		<none>
Multiparts:		<none>
Body:			<none>
HTTP/1.1 404 Not Found
Server: nginx/1.18.0 (Ubuntu)
Date: Sun, 27 Apr 2025 09:39:36 GMT
Content-Type: application/json; charset=utf-8
Content-Length: 44
Connection: keep-alive
X-Powered-By: Express
Access-Control-Allow-Origin: *
ETag: W/"2c-EAnCIFy1uGovyo/FU6KYwnjLgrc"

{
    "success": false,
    "message": "User not found"
}
]]></system-out>
  </testcase>
  <testcase name="testEntranceFromHomePage" classname="kz.yandex.practicum.qa.sb.auth.EntranceTest" time="3.657">
    <system-out><![CDATA[Request method:	POST
Request URI:	https://stellarburgers.nomoreparties.site/api/auth/register
Proxy:			<none>
Request params:	<none>
Query params:	<none>
Form params:	<none>
Path params:	<none>
Headers:		Accept=*/*
				Content-Type=application/json
Cookies:		<none>
Multiparts:		<none>
Body:
{
    "email": "алексеи.зуева@mail.ru",
    "password": "0auk2tg8ymo3jy4",
    "name": "константин.евдокимов"
}
HTTP/1.1 200 OK
Server: nginx/1.18.0 (Ubuntu)
Date: Sun, 27 Apr 2025 09:39:36 GMT
Content-Type: application/json; charset=utf-8
Content-Length: 411
Connection: keep-alive
X-Powered-By: Express
Access-Control-Allow-Origin: *
authorization: Bearer eyJhbGciOiJIUzI1NiIsInR5cCI6IkpXVCJ9.eyJpZCI6IjY4MGRmYjU4OWVkMjgwMDAxYjVkNmE2NSIsImlhdCI6MTc0NTc0Njc3NiwiZXhwIjoxNzQ1NzQ3OTc2fQ.DL1wvMU6PTZ-d_dqvykZmXl52tPcBnLKdGNVg58f5eI
ETag: W/"19b-StOJ47S/4gAeiefHpP/ZJNoUG2k"

{
    "success": true,
    "user": {
        "email": "алексеи.зуева@mail.ru",
        "name": "константин.евдокимов"
    },
    "accessToken": "Bearer eyJhbGciOiJIUzI1NiIsInR5cCI6IkpXVCJ9.eyJpZCI6IjY4MGRmYjU4OWVkMjgwMDAxYjVkNmE2NSIsImlhdCI6MTc0NTc0Njc3NiwiZXhwIjoxNzQ1NzQ3OTc2fQ.DL1wvMU6PTZ-d_dqvykZmXl52tPcBnLKdGNVg58f5eI",
    "refreshToken": "b624aa7d94e25b295192c4550705bebbdb0a67f470d149e42f52f262fc54cab2b27050f9edcf101d"
}
Request method:	DELETE
Request URI:	https://stellarburgers.nomoreparties.site/api/auth/user
Proxy:			<none>
Request params:	<none>
Query params:	<none>
Form params:	<none>
Path params:	<none>
Headers:		Authorization=Bearer eyJhbGciOiJIUzI1NiIsInR5cCI6IkpXVCJ9.eyJpZCI6IjY4MGRmYjU4OWVkMjgwMDAxYjVkNmE2NSIsImlhdCI6MTc0NTc0Njc3NiwiZXhwIjoxNzQ1NzQ3OTc2fQ.DL1wvMU6PTZ-d_dqvykZmXl52tPcBnLKdGNVg58f5eI
				Accept=*/*
				Content-Type=application/json
Cookies:		<none>
Multiparts:		<none>
Body:			<none>
HTTP/1.1 202 Accepted
Server: nginx/1.18.0 (Ubuntu)
Date: Sun, 27 Apr 2025 09:39:39 GMT
Content-Type: application/json; charset=utf-8
Content-Length: 54
Connection: keep-alive
X-Powered-By: Express
Access-Control-Allow-Origin: *
ETag: W/"36-hDmZnQ3Ou/ynnqAeC6TYmyseuzY"

{
    "success": true,
    "message": "User successfully removed"
}
Request method:	GET
Request URI:	https://stellarburgers.nomoreparties.site/api/auth/user
Proxy:			<none>
Request params:	<none>
Query params:	<none>
Form params:	<none>
Path params:	<none>
Headers:		Authorization=Bearer eyJhbGciOiJIUzI1NiIsInR5cCI6IkpXVCJ9.eyJpZCI6IjY4MGRmYjU4OWVkMjgwMDAxYjVkNmE2NSIsImlhdCI6MTc0NTc0Njc3NiwiZXhwIjoxNzQ1NzQ3OTc2fQ.DL1wvMU6PTZ-d_dqvykZmXl52tPcBnLKdGNVg58f5eI
				Accept=*/*
				Content-Type=application/json
Cookies:		<none>
Multiparts:		<none>
Body:			<none>
HTTP/1.1 404 Not Found
Server: nginx/1.18.0 (Ubuntu)
Date: Sun, 27 Apr 2025 09:39:40 GMT
Content-Type: application/json; charset=utf-8
Content-Length: 44
Connection: keep-alive
X-Powered-By: Express
Access-Control-Allow-Origin: *
ETag: W/"2c-EAnCIFy1uGovyo/FU6KYwnjLgrc"

{
    "success": false,
    "message": "User not found"
}
]]></system-out>
  </testcase>
</testsuite>