<?xml version="1.0" encoding="UTF-8"?>
<testsuite xmlns:xsi="http://www.w3.org/2001/XMLSchema-instance" xsi:noNamespaceSchemaLocation="https://maven.apache.org/surefire/maven-surefire-plugin/xsd/surefire-test-report-3.0.xsd" version="3.0" name="kz.yandex.practicum.qa.sb.auth.EntranceTest" time="16.795" tests="4" errors="0" skipped="0" failures="0">
  <properties>
[...]
</properties>
  <testcase name="testEntranceUsingAccountButton" classname="kz.yandex.practicum.qa.sb.auth.EntranceTest" time="5.618">
    <system-out><![CDATA[Request method:	POST
Request URI:	https://stellarburgers.nomoreparties.site/api/auth/register
Proxy:			<none>
Request params:	<none>
Query params:	<none>
Form params:	<none>
Path params:	<none>
Headers:		Accept=*/*
				Content-Type=application/json
Cookies:		<none>
Multiparts:		<none>
Body:
{
    "email": "елена.емельянова@mail.ru",
    "password": "mcf5hihfbw25sji",
    "name": "иван.субботин"
}
HTTP/1.1 200 OK
Server: nginx/1.18.0 (Ubuntu)
Date: Sun, 27 Apr 2025 09:32:58 GMT
Content-Type: application/json; charset=utf-8
Content-Length: 403
Connection: keep-alive
X-Powered-By: Express
Access-Control-Allow-Origin: *
authorization: Bearer eyJhbGciOiJIUzI1NiIsInR5cCI6IkpXVCJ9.eyJpZCI6IjY4MGRmOWNhOWVkMjgwMDAxYjVkNmE0MSIsImlhdCI6MTc0NTc0NjM3OCwiZXhwIjoxNzQ1NzQ3NTc4fQ.eId4oi4XelHl82xT6u57a6JyeJuY-7B--OMTl56CZFk
ETag: W/"193-qOnxemDFW2ej41Ugi3zvpCizwhE"

{
    "success": true,
    "user": {
        "email": "елена.емельянова@mail.ru",
        "name": "иван.субботин"
    },
    "accessToken": "Bearer eyJhbGciOiJIUzI1NiIsInR5cCI6IkpXVCJ9.eyJpZCI6IjY4MGRmOWNhOWVkMjgwMDAxYjVkNmE0MSIsImlhdCI6MTc0NTc0NjM3OCwiZXhwIjoxNzQ1NzQ3NTc4fQ.eId4oi4XelHl82xT6u57a6JyeJuY-7B--OMTl56CZFk",
    "refreshToken": "df6c683b159fc068a9ea9276e62891c91ce573f191e797775c0b9d563bcdc62feeccd4e62e9e1008"
}
Request method:	DELETE
Request URI:	https://stellarburgers.nomoreparties.site/api/auth/user
Proxy:			<none>
Request params:	<none>
Query params:	<none>
Form params:	<none>
Path params:	<none>
Headers:		Authorization=Bearer eyJhbGciOiJIUzI1NiIsInR5cCI6IkpXVCJ9.eyJpZCI6IjY4MGRmOWNhOWVkMjgwMDAxYjVkNmE0MSIsImlhdCI6MTc0NTc0NjM3OCwiZXhwIjoxNzQ1NzQ3NTc4fQ.eId4oi4XelHl82xT6u57a6JyeJuY-7B--OMTl56CZFk
				Accept=*/*
				Content-Type=application/json
Cookies:		<none>
Multiparts:		<none>
Body:			<none>
HTTP/1.1 202 Accepted
Server: nginx/1.18.0 (Ubuntu)
Date: Sun, 27 Apr 2025 09:33:03 GMT
Content-Type: application/json; charset=utf-8
Content-Length: 54
Connection: keep-alive
X-Powered-By: Express
Access-Control-Allow-Origin: *
ETag: W/"36-hDmZnQ3Ou/ynnqAeC6TYmyseuzY"

{
    "success": true,
    "message": "User successfully removed"
}
Request method:	GET
Request URI:	https://stellarburgers.nomoreparties.site/api/auth/user
Proxy:			<none>
Request params:	<none>
Query params:	<none>
Form params:	<none>
Path params:	<none>
Headers:		Authorization=Bearer eyJhbGciOiJIUzI1NiIsInR5cCI6IkpXVCJ9.eyJpZCI6IjY4MGRmOWNhOWVkMjgwMDAxYjVkNmE0MSIsImlhdCI6MTc0NTc0NjM3OCwiZXhwIjoxNzQ1NzQ3NTc4fQ.eId4oi4XelHl82xT6u57a6JyeJuY-7B--OMTl56CZFk
				Accept=*/*
				Content-Type=application/json
Cookies:		<none>
Multiparts:		<none>
Body:			<none>
HTTP/1.1 404 Not Found
Server: nginx/1.18.0 (Ubuntu)
Date: Sun, 27 Apr 2025 09:33:04 GMT
Content-Type: application/json; charset=utf-8
Content-Length: 44
Connection: keep-alive
X-Powered-By: Express
Access-Control-Allow-Origin: *
ETag: W/"2c-EAnCIFy1uGovyo/FU6KYwnjLgrc"

{
    "success": false,
    "message": "User not found"
}
]]></system-out>
    <system-err><![CDATA[Starting ChromeDriver 135.0.7049.114 (63fd8a7d9d09e41ba37b84386c85d5f249f848f7-refs/branch-heads/7049@{#2175}) on port 48986
Only local connections are allowed.
Please see https://chromedriver.chromium.org/security-considerations for suggestions on keeping ChromeDriver safe.
ChromeDriver was started successfully on port 48986.
???. 27, 2025 3:32:58 PM org.openqa.selenium.remote.ProtocolHandshake createSession
INFO: Detected dialect: W3C
]]></system-err>
  </testcase>
  <testcase name="testEntranceFromRegistrationPage" classname="kz.yandex.practicum.qa.sb.auth.EntranceTest" time="3.589">
    <system-out><![CDATA[Request method:	POST
Request URI:	https://stellarburgers.nomoreparties.site/api/auth/register
Proxy:			<none>
Request params:	<none>
Query params:	<none>
Form params:	<none>
Path params:	<none>
Headers:		Accept=*/*
				Content-Type=application/json
Cookies:		<none>
Multiparts:		<none>
Body:
{
    "email": "ольга.стрелков@yandex.ru",
    "password": "29tuywknbv3b8",
    "name": "роман.ситникова"
}
HTTP/1.1 200 OK
Server: nginx/1.18.0 (Ubuntu)
Date: Sun, 27 Apr 2025 09:33:04 GMT
Content-Type: application/json; charset=utf-8
Content-Length: 405
Connection: keep-alive
X-Powered-By: Express
Access-Control-Allow-Origin: *
authorization: Bearer eyJhbGciOiJIUzI1NiIsInR5cCI6IkpXVCJ9.eyJpZCI6IjY4MGRmOWQwOWVkMjgwMDAxYjVkNmE0NCIsImlhdCI6MTc0NTc0NjM4NCwiZXhwIjoxNzQ1NzQ3NTg0fQ.PAUZpcWwPGmWJW-QMFZHi17OXwaa-n-Jwnd_44pFbOQ
ETag: W/"195-6f0+M31W+sCPx0kIkNRUKN+Prio"

{
    "success": true,
    "user": {
        "email": "ольга.стрелков@yandex.ru",
        "name": "роман.ситникова"
    },
    "accessToken": "Bearer eyJhbGciOiJIUzI1NiIsInR5cCI6IkpXVCJ9.eyJpZCI6IjY4MGRmOWQwOWVkMjgwMDAxYjVkNmE0NCIsImlhdCI6MTc0NTc0NjM4NCwiZXhwIjoxNzQ1NzQ3NTg0fQ.PAUZpcWwPGmWJW-QMFZHi17OXwaa-n-Jwnd_44pFbOQ",
    "refreshToken": "d3b753438e1ee81b13658f4060fc02813988e3d2879cd7226e9f18faf4ba75fb8343e4f5e097b141"
}
Request method:	DELETE
Request URI:	https://stellarburgers.nomoreparties.site/api/auth/user
Proxy:			<none>
Request params:	<none>
Query params:	<none>
Form params:	<none>
Path params:	<none>
Headers:		Authorization=Bearer eyJhbGciOiJIUzI1NiIsInR5cCI6IkpXVCJ9.eyJpZCI6IjY4MGRmOWQwOWVkMjgwMDAxYjVkNmE0NCIsImlhdCI6MTc0NTc0NjM4NCwiZXhwIjoxNzQ1NzQ3NTg0fQ.PAUZpcWwPGmWJW-QMFZHi17OXwaa-n-Jwnd_44pFbOQ
				Accept=*/*
				Content-Type=application/json
Cookies:		<none>
Multiparts:		<none>
Body:			<none>
HTTP/1.1 202 Accepted
Server: nginx/1.18.0 (Ubuntu)
Date: Sun, 27 Apr 2025 09:33:07 GMT
Content-Type: application/json; charset=utf-8
Content-Length: 54
Connection: keep-alive
X-Powered-By: Express
Access-Control-Allow-Origin: *
ETag: W/"36-hDmZnQ3Ou/ynnqAeC6TYmyseuzY"

{
    "success": true,
    "message": "User successfully removed"
}
Request method:	GET
Request URI:	https://stellarburgers.nomoreparties.site/api/auth/user
Proxy:			<none>
Request params:	<none>
Query params:	<none>
Form params:	<none>
Path params:	<none>
Headers:		Authorization=Bearer eyJhbGciOiJIUzI1NiIsInR5cCI6IkpXVCJ9.eyJpZCI6IjY4MGRmOWQwOWVkMjgwMDAxYjVkNmE0NCIsImlhdCI6MTc0NTc0NjM4NCwiZXhwIjoxNzQ1NzQ3NTg0fQ.PAUZpcWwPGmWJW-QMFZHi17OXwaa-n-Jwnd_44pFbOQ
				Accept=*/*
				Content-Type=application/json
Cookies:		<none>
Multiparts:		<none>
Body:			<none>
HTTP/1.1 404 Not Found
Server: nginx/1.18.0 (Ubuntu)
Date: Sun, 27 Apr 2025 09:33:07 GMT
Content-Type: application/json; charset=utf-8
Content-Length: 44
Connection: keep-alive
X-Powered-By: Express
Access-Control-Allow-Origin: *
ETag: W/"2c-EAnCIFy1uGovyo/FU6KYwnjLgrc"

{
    "success": false,
    "message": "User not found"
}
]]></system-out>
  </testcase>
  <testcase name="testEntranceFromResetPasswordPage" classname="kz.yandex.practicum.qa.sb.auth.EntranceTest" time="3.393">
    <system-out><![CDATA[Request method:	POST
Request URI:	https://stellarburgers.nomoreparties.site/api/auth/register
Proxy:			<none>
Request params:	<none>
Query params:	<none>
Form params:	<none>
Path params:	<none>
Headers:		Accept=*/*
				Content-Type=application/json
Cookies:		<none>
Multiparts:		<none>
Body:
{
    "email": "альберт.белякова@yahoo.com",
    "password": "uc1l6qatna4g2p",
    "name": "варвара.белозеров"
}
HTTP/1.1 200 OK
Server: nginx/1.18.0 (Ubuntu)
Date: Sun, 27 Apr 2025 09:33:08 GMT
Content-Type: application/json; charset=utf-8
Content-Length: 413
Connection: keep-alive
X-Powered-By: Express
Access-Control-Allow-Origin: *
authorization: Bearer eyJhbGciOiJIUzI1NiIsInR5cCI6IkpXVCJ9.eyJpZCI6IjY4MGRmOWQ0OWVkMjgwMDAxYjVkNmE0NyIsImlhdCI6MTc0NTc0NjM4OCwiZXhwIjoxNzQ1NzQ3NTg4fQ.gytYkkN7YaNx-j5cQgBZJ-tNNiGsKp9evZTmyNUPRWE
ETag: W/"19d-rpzJT9ANDI6Gy1+d/OeKADcclXs"

{
    "success": true,
    "user": {
        "email": "альберт.белякова@yahoo.com",
        "name": "варвара.белозеров"
    },
    "accessToken": "Bearer eyJhbGciOiJIUzI1NiIsInR5cCI6IkpXVCJ9.eyJpZCI6IjY4MGRmOWQ0OWVkMjgwMDAxYjVkNmE0NyIsImlhdCI6MTc0NTc0NjM4OCwiZXhwIjoxNzQ1NzQ3NTg4fQ.gytYkkN7YaNx-j5cQgBZJ-tNNiGsKp9evZTmyNUPRWE",
    "refreshToken": "95cda982689bb37db7296cd60a9e2aaf7c78316a42e64b5219d922c0f041d499e990aaba01b867aa"
}
Request method:	DELETE
Request URI:	https://stellarburgers.nomoreparties.site/api/auth/user
Proxy:			<none>
Request params:	<none>
Query params:	<none>
Form params:	<none>
Path params:	<none>
Headers:		Authorization=Bearer eyJhbGciOiJIUzI1NiIsInR5cCI6IkpXVCJ9.eyJpZCI6IjY4MGRmOWQ0OWVkMjgwMDAxYjVkNmE0NyIsImlhdCI6MTc0NTc0NjM4OCwiZXhwIjoxNzQ1NzQ3NTg4fQ.gytYkkN7YaNx-j5cQgBZJ-tNNiGsKp9evZTmyNUPRWE
				Accept=*/*
				Content-Type=application/json
Cookies:		<none>
Multiparts:		<none>
Body:			<none>
HTTP/1.1 202 Accepted
Server: nginx/1.18.0 (Ubuntu)
Date: Sun, 27 Apr 2025 09:33:10 GMT
Content-Type: application/json; charset=utf-8
Content-Length: 54
Connection: keep-alive
X-Powered-By: Express
Access-Control-Allow-Origin: *
ETag: W/"36-hDmZnQ3Ou/ynnqAeC6TYmyseuzY"

{
    "success": true,
    "message": "User successfully removed"
}
Request method:	GET
Request URI:	https://stellarburgers.nomoreparties.site/api/auth/user
Proxy:			<none>
Request params:	<none>
Query params:	<none>
Form params:	<none>
Path params:	<none>
Headers:		Authorization=Bearer eyJhbGciOiJIUzI1NiIsInR5cCI6IkpXVCJ9.eyJpZCI6IjY4MGRmOWQ0OWVkMjgwMDAxYjVkNmE0NyIsImlhdCI6MTc0NTc0NjM4OCwiZXhwIjoxNzQ1NzQ3NTg4fQ.gytYkkN7YaNx-j5cQgBZJ-tNNiGsKp9evZTmyNUPRWE
				Accept=*/*
				Content-Type=application/json
Cookies:		<none>
Multiparts:		<none>
Body:			<none>
HTTP/1.1 404 Not Found
Server: nginx/1.18.0 (Ubuntu)
Date: Sun, 27 Apr 2025 09:33:11 GMT
Content-Type: application/json; charset=utf-8
Content-Length: 44
Connection: keep-alive
X-Powered-By: Express
Access-Control-Allow-Origin: *
ETag: W/"2c-EAnCIFy1uGovyo/FU6KYwnjLgrc"

{
    "success": false,
    "message": "User not found"
}
]]></system-out>
  </testcase>
  <testcase name="testEntranceFromHomePage" classname="kz.yandex.practicum.qa.sb.auth.EntranceTest" time="3.627">
    <system-out><![CDATA[Request method:	POST
Request URI:	https://stellarburgers.nomoreparties.site/api/auth/register
Proxy:			<none>
Request params:	<none>
Query params:	<none>
Form params:	<none>
Path params:	<none>
Headers:		Accept=*/*
				Content-Type=application/json
Cookies:		<none>
Multiparts:		<none>
Body:
{
    "email": "вадим.титова@yandex.ru",
    "password": "csou6b366zkr",
    "name": "игорь.игнатьев"
}
HTTP/1.1 200 OK
Server: nginx/1.18.0 (Ubuntu)
Date: Sun, 27 Apr 2025 09:33:11 GMT
Content-Type: application/json; charset=utf-8
Content-Length: 399
Connection: keep-alive
X-Powered-By: Express
Access-Control-Allow-Origin: *
authorization: Bearer eyJhbGciOiJIUzI1NiIsInR5cCI6IkpXVCJ9.eyJpZCI6IjY4MGRmOWQ3OWVkMjgwMDAxYjVkNmE0YSIsImlhdCI6MTc0NTc0NjM5MSwiZXhwIjoxNzQ1NzQ3NTkxfQ.IOU3pvPWsi_JNosZt7VpaX51GSiPV_h0k3oomn8-nGw
ETag: W/"18f-Ao+1tVzD0+j4a18bfdXRVBH8SU8"

{
    "success": true,
    "user": {
        "email": "вадим.титова@yandex.ru",
        "name": "игорь.игнатьев"
    },
    "accessToken": "Bearer eyJhbGciOiJIUzI1NiIsInR5cCI6IkpXVCJ9.eyJpZCI6IjY4MGRmOWQ3OWVkMjgwMDAxYjVkNmE0YSIsImlhdCI6MTc0NTc0NjM5MSwiZXhwIjoxNzQ1NzQ3NTkxfQ.IOU3pvPWsi_JNosZt7VpaX51GSiPV_h0k3oomn8-nGw",
    "refreshToken": "19654bb01b8083542b73bb9cb65d72ff9d299cd63d64baa9e17692ab5569566ef58c3920fc04a914"
}
Request method:	DELETE
Request URI:	https://stellarburgers.nomoreparties.site/api/auth/user
Proxy:			<none>
Request params:	<none>
Query params:	<none>
Form params:	<none>
Path params:	<none>
Headers:		Authorization=Bearer eyJhbGciOiJIUzI1NiIsInR5cCI6IkpXVCJ9.eyJpZCI6IjY4MGRmOWQ3OWVkMjgwMDAxYjVkNmE0YSIsImlhdCI6MTc0NTc0NjM5MSwiZXhwIjoxNzQ1NzQ3NTkxfQ.IOU3pvPWsi_JNosZt7VpaX51GSiPV_h0k3oomn8-nGw
				Accept=*/*
				Content-Type=application/json
Cookies:		<none>
Multiparts:		<none>
Body:			<none>
HTTP/1.1 202 Accepted
Server: nginx/1.18.0 (Ubuntu)
Date: Sun, 27 Apr 2025 09:33:14 GMT
Content-Type: application/json; charset=utf-8
Content-Length: 54
Connection: keep-alive
X-Powered-By: Express
Access-Control-Allow-Origin: *
ETag: W/"36-hDmZnQ3Ou/ynnqAeC6TYmyseuzY"

{
    "success": true,
    "message": "User successfully removed"
}
Request method:	GET
Request URI:	https://stellarburgers.nomoreparties.site/api/auth/user
Proxy:			<none>
Request params:	<none>
Query params:	<none>
Form params:	<none>
Path params:	<none>
Headers:		Authorization=Bearer eyJhbGciOiJIUzI1NiIsInR5cCI6IkpXVCJ9.eyJpZCI6IjY4MGRmOWQ3OWVkMjgwMDAxYjVkNmE0YSIsImlhdCI6MTc0NTc0NjM5MSwiZXhwIjoxNzQ1NzQ3NTkxfQ.IOU3pvPWsi_JNosZt7VpaX51GSiPV_h0k3oomn8-nGw
				Accept=*/*
				Content-Type=application/json
Cookies:		<none>
Multiparts:		<none>
Body:			<none>
HTTP/1.1 404 Not Found
Server: nginx/1.18.0 (Ubuntu)
Date: Sun, 27 Apr 2025 09:33:14 GMT
Content-Type: application/json; charset=utf-8
Content-Length: 44
Connection: keep-alive
X-Powered-By: Express
Access-Control-Allow-Origin: *
ETag: W/"2c-EAnCIFy1uGovyo/FU6KYwnjLgrc"

{
    "success": false,
    "message": "User not found"
}
]]></system-out>
  </testcase>
</testsuite>