<?xml version="1.0" encoding="UTF-8"?>
<testsuite xmlns:xsi="http://www.w3.org/2001/XMLSchema-instance" xsi:noNamespaceSchemaLocation="https://maven.apache.org/surefire/maven-surefire-plugin/xsd/surefire-test-report-3.0.xsd" version="3.0" name="kz.yandex.practicum.qa.sb.account.PersonalAccountTest" time="6.415" tests="1" errors="0" skipped="0" failures="0">
  <properties>
[...]
</properties>
  <testcase name="testLinkToPersonalAccount" classname="kz.yandex.practicum.qa.sb.account.PersonalAccountTest" time="6.409">
    <system-out><![CDATA[Request method:	POST
Request URI:	https://stellarburgers.nomoreparties.site/api/auth/register
Proxy:			<none>
Request params:	<none>
Query params:	<none>
Form params:	<none>
Path params:	<none>
Headers:		Accept=*/*
				Content-Type=application/json
Cookies:		<none>
Multiparts:		<none>
Body:
{
    "email": "илья.мартынова@yandex.ru",
    "password": "9j3y1qwjvermia",
    "name": "юрий.зиновьев"
}
HTTP/1.1 200 OK
Server: nginx/1.18.0 (Ubuntu)
Date: Sun, 27 Apr 2025 09:39:17 GMT
Content-Type: application/json; charset=utf-8
Content-Length: 401
Connection: keep-alive
X-Powered-By: Express
Access-Control-Allow-Origin: *
authorization: Bearer eyJhbGciOiJIUzI1NiIsInR5cCI6IkpXVCJ9.eyJpZCI6IjY4MGRmYjQ1OWVkMjgwMDAxYjVkNmE1OSIsImlhdCI6MTc0NTc0Njc1NywiZXhwIjoxNzQ1NzQ3OTU3fQ.JsEY-n6T4a2X7HOeKQNu4wegL73MfI8IRaSPZvpDrUM
ETag: W/"191-razT+HwyKxBtnrCWUfxLNMPzOyw"

{
    "success": true,
    "user": {
        "email": "илья.мартынова@yandex.ru",
        "name": "юрий.зиновьев"
    },
    "accessToken": "Bearer eyJhbGciOiJIUzI1NiIsInR5cCI6IkpXVCJ9.eyJpZCI6IjY4MGRmYjQ1OWVkMjgwMDAxYjVkNmE1OSIsImlhdCI6MTc0NTc0Njc1NywiZXhwIjoxNzQ1NzQ3OTU3fQ.JsEY-n6T4a2X7HOeKQNu4wegL73MfI8IRaSPZvpDrUM",
    "refreshToken": "31aa29360173ff62b59a5b85e97be0f56e0bd823861086a97fd6bf130e4f5d1ef80db1c24e84dbb4"
}
Request method:	DELETE
Request URI:	https://stellarburgers.nomoreparties.site/api/auth/user
Proxy:			<none>
Request params:	<none>
Query params:	<none>
Form params:	<none>
Path params:	<none>
Headers:		Authorization=Bearer eyJhbGciOiJIUzI1NiIsInR5cCI6IkpXVCJ9.eyJpZCI6IjY4MGRmYjQ1OWVkMjgwMDAxYjVkNmE1OSIsImlhdCI6MTc0NTc0Njc1NywiZXhwIjoxNzQ1NzQ3OTU3fQ.JsEY-n6T4a2X7HOeKQNu4wegL73MfI8IRaSPZvpDrUM
				Accept=*/*
				Content-Type=application/json
Cookies:		<none>
Multiparts:		<none>
Body:			<none>
HTTP/1.1 202 Accepted
Server: nginx/1.18.0 (Ubuntu)
Date: Sun, 27 Apr 2025 09:39:22 GMT
Content-Type: application/json; charset=utf-8
Content-Length: 54
Connection: keep-alive
X-Powered-By: Express
Access-Control-Allow-Origin: *
ETag: W/"36-hDmZnQ3Ou/ynnqAeC6TYmyseuzY"

{
    "success": true,
    "message": "User successfully removed"
}
Request method:	GET
Request URI:	https://stellarburgers.nomoreparties.site/api/auth/user
Proxy:			<none>
Request params:	<none>
Query params:	<none>
Form params:	<none>
Path params:	<none>
Headers:		Authorization=Bearer eyJhbGciOiJIUzI1NiIsInR5cCI6IkpXVCJ9.eyJpZCI6IjY4MGRmYjQ1OWVkMjgwMDAxYjVkNmE1OSIsImlhdCI6MTc0NTc0Njc1NywiZXhwIjoxNzQ1NzQ3OTU3fQ.JsEY-n6T4a2X7HOeKQNu4wegL73MfI8IRaSPZvpDrUM
				Accept=*/*
				Content-Type=application/json
Cookies:		<none>
Multiparts:		<none>
Body:			<none>
HTTP/1.1 404 Not Found
Server: nginx/1.18.0 (Ubuntu)
Date: Sun, 27 Apr 2025 09:39:23 GMT
Content-Type: application/json; charset=utf-8
Content-Length: 44
Connection: keep-alive
X-Powered-By: Express
Access-Control-Allow-Origin: *
ETag: W/"2c-EAnCIFy1uGovyo/FU6KYwnjLgrc"

{
    "success": false,
    "message": "User not found"
}
]]></system-out>
    <system-err><![CDATA[Starting ChromeDriver 135.0.7049.114 (63fd8a7d9d09e41ba37b84386c85d5f249f848f7-refs/branch-heads/7049@{#2175}) on port 47311
Only local connections are allowed.
Please see https://chromedriver.chromium.org/security-considerations for suggestions on keeping ChromeDriver safe.
ChromeDriver was started successfully on port 47311.
???. 27, 2025 3:39:17 PM org.openqa.selenium.remote.ProtocolHandshake createSession
INFO: Detected dialect: W3C
]]></system-err>
  </testcase>
</testsuite>