<?xml version="1.0" encoding="UTF-8"?>
<testsuite xmlns:xsi="http://www.w3.org/2001/XMLSchema-instance" xsi:noNamespaceSchemaLocation="https://maven.apache.org/surefire/maven-surefire-plugin/xsd/surefire-test-report-3.0.xsd" version="3.0" name="kz.yandex.practicum.qa.sb.auth.RegisterTest" time="27.912" tests="4" errors="0" skipped="0" failures="0">
  <properties>
[...]
</properties>
  <testcase name="testRegisterWithInvalidPassword[0]" classname="kz.yandex.practicum.qa.sb.auth.RegisterTest" time="5.751">
    <system-out><![CDATA[Request method:	POST
Request URI:	https://stellarburgers.nomoreparties.site/api/auth/login
Proxy:			<none>
Request params:	<none>
Query params:	<none>
Form params:	<none>
Path params:	<none>
Headers:		Accept=*/*
				Content-Type=application/json
Cookies:		<none>
Multiparts:		<none>
Body:
{
    "email": "юлия.дмитриев@ya.ru",
    "password": "qwert",
    "name": null
}
HTTP/1.1 401 Unauthorized
Server: nginx/1.18.0 (Ubuntu)
Date: Tue, 22 Apr 2025 15:28:15 GMT
Content-Type: application/json; charset=utf-8
Content-Length: 61
Connection: keep-alive
X-Powered-By: Express
Access-Control-Allow-Origin: *
ETag: W/"3d-ad9nrqlzQBuoZ0AId1U3rIgKU84"

{
    "success": false,
    "message": "email or password are incorrect"
}
]]></system-out>
    <system-err><![CDATA[Starting ChromeDriver 132.0.6834.111 (da730eae256c6ed1cfbd6ba7ceb6c2bf2b181ac7) on port 19797
Only local connections are allowed.
Please see https://chromedriver.chromium.org/security-considerations for suggestions on keeping ChromeDriver safe.
ChromeDriver was started successfully on port 19797.
???. 22, 2025 9:28:10 PM org.openqa.selenium.remote.ProtocolHandshake createSession
INFO: Detected dialect: W3C
]]></system-err>
  </testcase>
  <testcase name="testRegister[0]" classname="kz.yandex.practicum.qa.sb.auth.RegisterTest" time="6.523">
    <system-out><![CDATA[Request method:	POST
Request URI:	https://stellarburgers.nomoreparties.site/api/auth/login
Proxy:			<none>
Request params:	<none>
Query params:	<none>
Form params:	<none>
Path params:	<none>
Headers:		Accept=*/*
				Content-Type=application/json
Cookies:		<none>
Multiparts:		<none>
Body:
{
    "email": "дарья.смирнова@ya.ru",
    "password": "wfcau1t3vf",
    "name": null
}
HTTP/1.1 200 OK
Server: nginx/1.18.0 (Ubuntu)
Date: Tue, 22 Apr 2025 15:28:21 GMT
Content-Type: application/json; charset=utf-8
Content-Length: 399
Connection: keep-alive
X-Powered-By: Express
Access-Control-Allow-Origin: *
ETag: W/"18f-TLqcVc+GSu8IXT91zbnjmErottc"

{
    "success": true,
    "accessToken": "Bearer eyJhbGciOiJIUzI1NiIsInR5cCI6IkpXVCJ9.eyJpZCI6IjY4MDdiNTk0OWVkMjgwMDAxYjVkMWFjYyIsImlhdCI6MTc0NTMzNTcwMSwiZXhwIjoxNzQ1MzM2OTAxfQ.Y68HP4Z1Nh5Mv5NQDagrIp0mgfQk3NVgaAjVSZjlCZM",
    "refreshToken": "6930019422fb3ddb2bb3e2ee6219f1913016a5dd65556068bd276cc88f6d3c3a314a185c95498852",
    "user": {
        "email": "дарья.смирнова@ya.ru",
        "name": "зинаида.ефимов"
    }
}
Request method:	GET
Request URI:	https://stellarburgers.nomoreparties.site/api/auth/user
Proxy:			<none>
Request params:	<none>
Query params:	<none>
Form params:	<none>
Path params:	<none>
Headers:		Authorization=Bearer eyJhbGciOiJIUzI1NiIsInR5cCI6IkpXVCJ9.eyJpZCI6IjY4MDdiNTk0OWVkMjgwMDAxYjVkMWFjYyIsImlhdCI6MTc0NTMzNTcwMSwiZXhwIjoxNzQ1MzM2OTAxfQ.Y68HP4Z1Nh5Mv5NQDagrIp0mgfQk3NVgaAjVSZjlCZM
				Accept=*/*
				Content-Type=application/json
Cookies:		<none>
Multiparts:		<none>
Body:			<none>
HTTP/1.1 200 OK
Server: nginx/1.18.0 (Ubuntu)
Date: Tue, 22 Apr 2025 15:28:21 GMT
Content-Type: application/json; charset=utf-8
Content-Length: 106
Connection: keep-alive
X-Powered-By: Express
Access-Control-Allow-Origin: *
ETag: W/"6a-dzD4xhC5IqHyz9iQuSbpJPXDDAE"

{
    "success": true,
    "user": {
        "email": "дарья.смирнова@ya.ru",
        "name": "зинаида.ефимов"
    }
}
]]></system-out>
    <system-err><![CDATA[Starting ChromeDriver 132.0.6834.111 (da730eae256c6ed1cfbd6ba7ceb6c2bf2b181ac7) on port 39757
Only local connections are allowed.
Please see https://chromedriver.chromium.org/security-considerations for suggestions on keeping ChromeDriver safe.
ChromeDriver was started successfully on port 39757.
???. 22, 2025 9:28:16 PM org.openqa.selenium.remote.ProtocolHandshake createSession
INFO: Detected dialect: W3C
]]></system-err>
  </testcase>
  <testcase name="testRegisterWithInvalidPassword[1]" classname="kz.yandex.practicum.qa.sb.auth.RegisterTest" time="5.415">
    <system-out><![CDATA[Selenide is configured for Yandex browser
Using default Yandex WebDriver path: D:\IdeaProjects\yandex-practicum\Diplom\Diplom_3\src\test\resources\webDriverBinaries\windows\yandex\25.2.0.2123\yandexdriver.exe
Request method:	POST
Request URI:	https://stellarburgers.nomoreparties.site/api/auth/login
Proxy:			<none>
Request params:	<none>
Query params:	<none>
Form params:	<none>
Path params:	<none>
Headers:		Accept=*/*
				Content-Type=application/json
Cookies:		<none>
Multiparts:		<none>
Body:
{
    "email": "валерии.селезнева@ya.ru",
    "password": "qwert",
    "name": null
}
HTTP/1.1 401 Unauthorized
Server: nginx/1.18.0 (Ubuntu)
Date: Tue, 22 Apr 2025 15:28:26 GMT
Content-Type: application/json; charset=utf-8
Content-Length: 61
Connection: keep-alive
X-Powered-By: Express
Access-Control-Allow-Origin: *
ETag: W/"3d-ad9nrqlzQBuoZ0AId1U3rIgKU84"

{
    "success": false,
    "message": "email or password are incorrect"
}
]]></system-out>
    <system-err><![CDATA[Starting ChromeDriver 132.0.6834.111 (da730eae256c6ed1cfbd6ba7ceb6c2bf2b181ac7) on port 39365
Only local connections are allowed.
Please see https://chromedriver.chromium.org/security-considerations for suggestions on keeping ChromeDriver safe.
ChromeDriver was started successfully on port 39365.
???. 22, 2025 9:28:22 PM org.openqa.selenium.remote.ProtocolHandshake createSession
INFO: Detected dialect: W3C
]]></system-err>
  </testcase>
  <testcase name="testRegister[1]" classname="kz.yandex.practicum.qa.sb.auth.RegisterTest" time="8.115">
    <system-out><![CDATA[Selenide is configured for Yandex browser
Using default Yandex WebDriver path: D:\IdeaProjects\yandex-practicum\Diplom\Diplom_3\src\test\resources\webDriverBinaries\windows\yandex\25.2.0.2123\yandexdriver.exe
Request method:	POST
Request URI:	https://stellarburgers.nomoreparties.site/api/auth/login
Proxy:			<none>
Request params:	<none>
Query params:	<none>
Form params:	<none>
Path params:	<none>
Headers:		Accept=*/*
				Content-Type=application/json
Cookies:		<none>
Multiparts:		<none>
Body:
{
    "email": "римма.аксенов@yahoo.com",
    "password": "8j8wuxp494rvoqu",
    "name": null
}
HTTP/1.1 200 OK
Server: nginx/1.18.0 (Ubuntu)
Date: Tue, 22 Apr 2025 15:28:33 GMT
Content-Type: application/json; charset=utf-8
Content-Length: 405
Connection: keep-alive
X-Powered-By: Express
Access-Control-Allow-Origin: *
ETag: W/"195-quQxfVBmuupY+dWSwB9lkABVvfE"

{
    "success": true,
    "accessToken": "Bearer eyJhbGciOiJIUzI1NiIsInR5cCI6IkpXVCJ9.eyJpZCI6IjY4MDdiNWEwOWVkMjgwMDAxYjVkMWFkMyIsImlhdCI6MTc0NTMzNTcxMywiZXhwIjoxNzQ1MzM2OTEzfQ.v0AzG6YZXvDFgKWTkh6naDkqrzdnZq6fpshUIikV6TI",
    "refreshToken": "87dbcf42df5d44cae72a403bbd14445764fe04f51c89c4ac7b58f23a98e62676dee1ddecbaeedc9a",
    "user": {
        "email": "римма.аксенов@yahoo.com",
        "name": "анатолий.антонов"
    }
}
Request method:	GET
Request URI:	https://stellarburgers.nomoreparties.site/api/auth/user
Proxy:			<none>
Request params:	<none>
Query params:	<none>
Form params:	<none>
Path params:	<none>
Headers:		Authorization=Bearer eyJhbGciOiJIUzI1NiIsInR5cCI6IkpXVCJ9.eyJpZCI6IjY4MDdiNWEwOWVkMjgwMDAxYjVkMWFkMyIsImlhdCI6MTc0NTMzNTcxMywiZXhwIjoxNzQ1MzM2OTEzfQ.v0AzG6YZXvDFgKWTkh6naDkqrzdnZq6fpshUIikV6TI
				Accept=*/*
				Content-Type=application/json
Cookies:		<none>
Multiparts:		<none>
Body:			<none>
HTTP/1.1 200 OK
Server: nginx/1.18.0 (Ubuntu)
Date: Tue, 22 Apr 2025 15:28:34 GMT
Content-Type: application/json; charset=utf-8
Content-Length: 112
Connection: keep-alive
X-Powered-By: Express
Access-Control-Allow-Origin: *
ETag: W/"70-UAZlOzW9EisBsAYMLj4ImlJJwnU"

{
    "success": true,
    "user": {
        "email": "римма.аксенов@yahoo.com",
        "name": "анатолий.антонов"
    }
}
]]></system-out>
    <system-err><![CDATA[Starting ChromeDriver 132.0.6834.111 (da730eae256c6ed1cfbd6ba7ceb6c2bf2b181ac7) on port 62711
Only local connections are allowed.
Please see https://chromedriver.chromium.org/security-considerations for suggestions on keeping ChromeDriver safe.
ChromeDriver was started successfully on port 62711.
???. 22, 2025 9:28:28 PM org.openqa.selenium.remote.ProtocolHandshake createSession
INFO: Detected dialect: W3C
]]></system-err>
  </testcase>
</testsuite>